INF [20200726-16:23:56.819] graph-client: buildRoute($covid19@claimspace.org/~, degrees=1): 69.milliseconds
INF [20200726-16:23:56.887] graph-client: get($covid19@claimspace.org, degrees=1): 58.milliseconds
INF [20200726-16:24:03.194] graph-client: get($covid19@claimspace.org, degrees=1): 143.milliseconds
INF [20200726-16:24:06.380] graph-client: build($covid19@claimspace.org, degrees=3): 3.seconds+354.milliseconds
INF [20200726-16:43:12.861] graph-client: get($covid19.Disease@claimspace.org, degrees=1): 166.milliseconds
INF [20200726-16:43:13.045] graph-client: node($covid19@claimspace.org, degrees=1): 172.milliseconds
INF [20200726-16:43:13.145] graph-client: build($covid19.Disease@claimspace.org, degrees=3): 450.milliseconds
INF [20200726-16:43:18.082] graph-client: get($covid19.Disease.VariantPopulations@claimspace.org, degrees=1): 98.milliseconds
INF [20200726-16:43:18.187] graph-client: node($covid19.Disease@claimspace.org, degrees=1): 102.milliseconds
INF [20200726-16:43:18.271] graph-client: build($covid19.Disease.VariantPopulations@claimspace.org, degrees=3): 287.milliseconds
INF [20200726-16:43:18.369] graph-client: node($covid19@claimspace.org, degrees=1): 179.milliseconds
INF [20200726-16:43:46.084] graph-client: get($covid19.Disease.VariantPopulations.CoMorbidConditions@claimspace.org, degrees=1): 46.milliseconds
INF [20200726-16:43:46.097] graph-client: build($covid19.Disease.VariantPopulations.CoMorbidConditions@claimspace.org, degrees=3): 72.milliseconds
INF [20200726-16:43:46.169] graph-client: node($covid19.Disease.VariantPopulations@claimspace.org, degrees=1): 83.milliseconds
INF [20200726-16:43:46.753] graph-client: node($covid19.Disease@claimspace.org, degrees=1): 582.milliseconds
INF [20200726-16:43:46.860] graph-client: node($covid19@claimspace.org, degrees=1): 106.milliseconds
INF [20200726-17:49:54.595] graph-client: buildRoute($covid19@claimspace.org/Disease.VariantPopulations, degrees=1): 0.seconds
INF [20200726-17:49:54.701] graph-client: build($covid19.Disease.VariantPopulations@claimspace.org, degrees=1): 103.milliseconds
INF [20200726-17:49:54.759] graph-client: get($covid19.Disease.VariantPopulations@claimspace.org, degrees=1): 56.milliseconds
INF [20200726-17:49:54.880] graph-client: node($covid19.Disease@claimspace.org, degrees=1): 114.milliseconds
INF [20200726-17:49:55.020] graph-client: node($covid19@claimspace.org, degrees=1): 139.milliseconds
INF [20200726-18:02:57.061] graph-client: buildRoute($covid19@claimspace.org/Disease.VariantPopulations.CoMorbidConditions, degrees=1): 0.seconds
INF [20200726-18:02:57.075] graph-client: build($covid19.Disease.VariantPopulations.CoMorbidConditions@claimspace.org, degrees=1): 13.milliseconds
INF [20200726-18:02:57.092] graph-client: get($covid19.Disease.VariantPopulations.CoMorbidConditions@claimspace.org, degrees=1): 15.milliseconds
INF [20200726-18:02:57.133] graph-client: node($covid19.Disease.VariantPopulations@claimspace.org, degrees=1): 40.milliseconds
INF [20200726-18:02:57.180] graph-client: node($covid19.Disease@claimspace.org, degrees=1): 45.milliseconds
INF [20200726-18:02:57.248] graph-client: node($covid19@claimspace.org, degrees=1): 67.milliseconds
