INF [20200726-16:23:31.793] graph-server: [mono] partial recompile available for $covid19...
INF [20200726-16:23:56.739] graph-server: 
INF [20200726-16:23:56.739] graph-server: 
INF [20200726-16:23:56.739] graph-server: Successfully compiled 6 authors, 1 subnets, 1 vnets: 
INF [20200726-16:23:56.739] graph-server: 
INF [20200726-16:23:56.739] graph-server:   Version: Staged(4766f27e7d85b954ed4056f2664ef1e082826c47)
INF [20200726-16:23:56.739] graph-server:   ---------------------------------------------------------
INF [20200726-16:23:56.739] graph-server: 
INF [20200726-16:23:56.739] graph-server:   Authors: 0.seconds,
INF [20200726-16:23:56.739] graph-server:   Manifest: 112.milliseconds
INF [20200726-16:23:56.739] graph-server:   Ast: 8.seconds+613.milliseconds
INF [20200726-16:23:56.739] graph-server:   CI Ast: 1.milliseconds
INF [20200726-16:23:56.739] graph-server:   Link: 1.seconds+908.milliseconds
INF [20200726-16:23:56.739] graph-server:   Xref: 1.milliseconds
INF [20200726-16:23:56.739] graph-server:   Linked Ast: 0.seconds
INF [20200726-16:23:56.739] graph-server:   Annotations: 0.seconds
INF [20200726-16:23:56.739] graph-server:   Route: 492.milliseconds
INF [20200726-16:23:56.739] graph-server:   Index: 86.milliseconds
INF [20200726-16:23:56.739] graph-server:   Derived Edge: 419.milliseconds
INF [20200726-16:23:56.739] graph-server:   Properties: 5.seconds+704.milliseconds
INF [20200726-16:23:56.739] graph-server:   -----------------------------------
INF [20200726-16:23:56.739] graph-server:   Total: 17.seconds+368.milliseconds
INF [20200726-16:23:56.739] graph-server: 
INF [20200726-16:23:56.739] graph-server:   Memory Before: 310.7 MiB
INF [20200726-16:23:56.739] graph-server:   Memory After: 1059.2 MiB
INF [20200726-16:23:56.739] graph-server:   GC Before/After?: true
INF [20200726-16:23:56.739] graph-server:   -----------------------------------
INF [20200726-16:23:56.739] graph-server:   Estimated Memory: 32.2 MiB
INF [20200726-16:23:56.739] graph-server:   Estimated Garbage: 716.3 MiB
INF [20200726-16:23:56.739] graph-server:         
INF [20200726-17:49:54.583] graph-server: [mono] no recompile required...
INF [20200726-18:02:57.057] graph-server: [mono] no recompile required...
